# JRE version: OpenJDK Runtime Environment (15.0.1+9) (build 15.0.1+9-18)
# Java VM: OpenJDK 64-Bit Server VM (15.0.1+9-18, mixed mode, sharing, tiered, compressed oops, g1 gc, windows-amd64)
GC Precious Log:
 CPUs: 8 total, 8 available
 Memory: 14282M
 Large Page Support: Disabled
 NUMA Support: Disabled
 Compressed Oops: Enabled (Zero based)
 Heap Region Size: 2M
 Heap Min Capacity: 8M
 Heap Initial Capacity: 224M
 Heap Max Capacity: 3572M
 Pre-touch: Disabled
 Parallel Workers: 8
 Concurrent Workers: 2
 Concurrent Refinement Workers: 8
 Periodic GC: Disabled
Heap:
 garbage-first heap   total 143360K, used 101361K [0x0000000720c00000, 0x0000000800000000)
  region size 2048K, 34 young (69632K), 2 survivors (4096K)
 Metaspace       used 50276K, capacity 50668K, committed 50896K, reserved 1095680K
  class space    used 6536K, capacity 6679K, committed 6784K, reserved 1048576K
GC Heap History (20 events):
Event: 7.488 GC heap before
{Heap before GC invocations=8 (full 0):
 garbage-first heap   total 55296K, used 37672K [0x0000000720c00000, 0x0000000800000000)
  region size 2048K, 12 young (24576K), 1 survivors (2048K)
 Metaspace       used 27672K, capacity 27966K, committed 28208K, reserved 1075200K
  class space    used 3316K, capacity 3434K, committed 3456K, reserved 1048576K
}
Event: 7.493 GC heap after
{Heap after GC invocations=9 (full 0):
 garbage-first heap   total 55296K, used 16108K [0x0000000720c00000, 0x0000000800000000)
  region size 2048K, 1 young (2048K), 1 survivors (2048K)
 Metaspace       used 27672K, capacity 27966K, committed 28208K, reserved 1075200K
  class space    used 3316K, capacity 3434K, committed 3456K, reserved 1048576K
}
Event: 7.558 GC heap before
{Heap before GC invocations=9 (full 0):
 garbage-first heap   total 55296K, used 40684K [0x0000000720c00000, 0x0000000800000000)
  region size 2048K, 13 young (26624K), 1 survivors (2048K)
 Metaspace       used 27682K, capacity 27966K, committed 28208K, reserved 1075200K
  class space    used 3316K, capacity 3434K, committed 3456K, reserved 1048576K
}
Event: 7.565 GC heap after
{Heap after GC invocations=10 (full 0):
 garbage-first heap   total 55296K, used 18449K [0x0000000720c00000, 0x0000000800000000)
  region size 2048K, 2 young (4096K), 2 survivors (4096K)
 Metaspace       used 27682K, capacity 27966K, committed 28208K, reserved 1075200K
  class space    used 3316K, capacity 3434K, committed 3456K, reserved 1048576K
}
Event: 7.625 GC heap before
{Heap before GC invocations=10 (full 0):
 garbage-first heap   total 55296K, used 40977K [0x0000000720c00000, 0x0000000800000000)
  region size 2048K, 13 young (26624K), 2 survivors (4096K)
 Metaspace       used 27682K, capacity 27966K, committed 28208K, reserved 1075200K
  class space    used 3316K, capacity 3434K, committed 3456K, reserved 1048576K
}
Event: 7.639 GC heap after
{Heap after GC invocations=11 (full 0):
 garbage-first heap   total 55296K, used 20942K [0x0000000720c00000, 0x0000000800000000)
  region size 2048K, 2 young (4096K), 2 survivors (4096K)
 Metaspace       used 27682K, capacity 27966K, committed 28208K, reserved 1075200K
  class space    used 3316K, capacity 3434K, committed 3456K, reserved 1048576K
}
Event: 7.726 GC heap before
{Heap before GC invocations=11 (full 0):
 garbage-first heap   total 55296K, used 39374K [0x0000000720c00000, 0x0000000800000000)
  region size 2048K, 11 young (22528K), 2 survivors (4096K)
 Metaspace       used 27682K, capacity 27966K, committed 28208K, reserved 1075200K
  class space    used 3316K, capacity 3434K, committed 3456K, reserved 1048576K
}
Event: 7.737 GC heap after
{Heap after GC invocations=12 (full 0):
 garbage-first heap   total 143360K, used 22763K [0x0000000720c00000, 0x0000000800000000)
  region size 2048K, 1 young (2048K), 1 survivors (2048K)
 Metaspace       used 27682K, capacity 27966K, committed 28208K, reserved 1075200K
  class space    used 3316K, capacity 3434K, committed 3456K, reserved 1048576K
}
Event: 8.107 GC heap before
{Heap before GC invocations=12 (full 0):
 garbage-first heap   total 143360K, used 106731K [0x0000000720c00000, 0x0000000800000000)
  region size 2048K, 42 young (86016K), 1 survivors (2048K)
 Metaspace       used 27691K, capacity 27966K, committed 28208K, reserved 1075200K
  class space    used 3316K, capacity 3434K, committed 3456K, reserved 1048576K
}
Event: 8.127 GC heap after
{Heap after GC invocations=13 (full 0):
 garbage-first heap   total 143360K, used 30608K [0x0000000720c00000, 0x0000000800000000)
  region size 2048K, 5 young (10240K), 5 survivors (10240K)
 Metaspace       used 27691K, capacity 27966K, committed 28208K, reserved 1075200K
  class space    used 3316K, capacity 3434K, committed 3456K, reserved 1048576K
}
Event: 8.788 GC heap before
{Heap before GC invocations=13 (full 0):
 garbage-first heap   total 143360K, used 104336K [0x0000000720c00000, 0x0000000800000000)
  region size 2048K, 41 young (83968K), 5 survivors (10240K)
 Metaspace       used 28253K, capacity 28670K, committed 28848K, reserved 1075200K
  class space    used 3354K, capacity 3498K, committed 3584K, reserved 1048576K
}
Event: 8.801 GC heap after
{Heap after GC invocations=14 (full 0):
 garbage-first heap   total 143360K, used 35918K [0x0000000720c00000, 0x0000000800000000)
  region size 2048K, 3 young (6144K), 3 survivors (6144K)
 Metaspace       used 28253K, capacity 28670K, committed 28848K, reserved 1075200K
  class space    used 3354K, capacity 3498K, committed 3584K, reserved 1048576K
}
Event: 9.454 GC heap before
{Heap before GC invocations=14 (full 0):
 garbage-first heap   total 143360K, used 107598K [0x0000000720c00000, 0x0000000800000000)
  region size 2048K, 38 young (77824K), 3 survivors (6144K)
 Metaspace       used 28520K, capacity 28862K, committed 29104K, reserved 1075200K
  class space    used 3381K, capacity 3498K, committed 3584K, reserved 1048576K
}
Event: 9.462 GC heap after
{Heap after GC invocations=15 (full 0):
 garbage-first heap   total 143360K, used 36214K [0x0000000720c00000, 0x0000000800000000)
  region size 2048K, 3 young (6144K), 3 survivors (6144K)
 Metaspace       used 28520K, capacity 28862K, committed 29104K, reserved 1075200K
  class space    used 3381K, capacity 3498K, committed 3584K, reserved 1048576K
}
Event: 10.258 GC heap before
{Heap before GC invocations=15 (full 0):
 garbage-first heap   total 143360K, used 111990K [0x0000000720c00000, 0x0000000800000000)
  region size 2048K, 40 young (81920K), 3 survivors (6144K)
 Metaspace       used 28626K, capacity 29022K, committed 29104K, reserved 1075200K
  class space    used 3392K, capacity 3530K, committed 3584K, reserved 1048576K
}
Event: 10.268 GC heap after
{Heap after GC invocations=16 (full 0):
 garbage-first heap   total 172032K, used 36626K [0x0000000720c00000, 0x0000000800000000)
  region size 2048K, 1 young (2048K), 1 survivors (2048K)
 Metaspace       used 28626K, capacity 29022K, committed 29104K, reserved 1075200K
  class space    used 3392K, capacity 3530K, committed 3584K, reserved 1048576K
}
Event: 11.513 GC heap before
{Heap before GC invocations=16 (full 0):
 garbage-first heap   total 172032K, used 134930K [0x0000000720c00000, 0x0000000800000000)
  region size 2048K, 49 young (100352K), 1 survivors (2048K)
 Metaspace       used 28831K, capacity 29182K, committed 29360K, reserved 1075200K
  class space    used 3436K, capacity 3562K, committed 3584K, reserved 1048576K
}
Event: 11.517 GC heap after
{Heap after GC invocations=17 (full 0):
 garbage-first heap   total 172032K, used 36780K [0x0000000720c00000, 0x0000000800000000)
  region size 2048K, 1 young (2048K), 1 survivors (2048K)
 Metaspace       used 28831K, capacity 29182K, committed 29360K, reserved 1075200K
  class space    used 3436K, capacity 3562K, committed 3584K, reserved 1048576K
}
Event: 13.276 GC heap before
{Heap before GC invocations=17 (full 0):
 garbage-first heap   total 172032K, used 87980K [0x0000000720c00000, 0x0000000800000000)
  region size 2048K, 27 young (55296K), 1 survivors (2048K)
 Metaspace       used 35383K, capacity 35772K, committed 35920K, reserved 1081344K
  class space    used 4366K, capacity 4514K, committed 4608K, reserved 1048576K
}
Event: 13.281 GC heap after
{Heap after GC invocations=18 (full 0):
 garbage-first heap   total 172032K, used 37873K [0x0000000720c00000, 0x0000000800000000)
  region size 2048K, 2 young (4096K), 2 survivors (4096K)
 Metaspace       used 35383K, capacity 35772K, committed 35920K, reserved 1081344K
  class space    used 4366K, capacity 4514K, committed 4608K, reserved 1048576K
}

