# JRE version: OpenJDK Runtime Environment (15.0.1+9) (build 15.0.1+9-18)
# Java VM: OpenJDK 64-Bit Server VM (15.0.1+9-18, mixed mode, sharing, tiered, compressed oops, g1 gc, windows-amd64)
GC Precious Log:
 CPUs: 8 total, 8 available
 Memory: 14282M
 Large Page Support: Disabled
 NUMA Support: Disabled
 Compressed Oops: Enabled (Zero based)
 Heap Region Size: 2M
 Heap Min Capacity: 8M
 Heap Initial Capacity: 224M
 Heap Max Capacity: 3572M
 Pre-touch: Disabled
 Parallel Workers: 8
 Concurrent Workers: 2
 Concurrent Refinement Workers: 8
 Periodic GC: Disabled
Heap:
 garbage-first heap   total 143360K, used 73281K [0x0000000720c00000, 0x0000000800000000)
  region size 2048K, 21 young (43008K), 3 survivors (6144K)
 Metaspace       used 45570K, capacity 45939K, committed 46160K, reserved 1089536K
  class space    used 5902K, capacity 6024K, committed 6144K, reserved 1048576K
GC Heap History (20 events):
Event: 7.573 GC heap before
{Heap before GC invocations=9 (full 0):
 garbage-first heap   total 55296K, used 41042K [0x0000000720c00000, 0x0000000800000000)
  region size 2048K, 13 young (26624K), 1 survivors (2048K)
 Metaspace       used 27677K, capacity 27998K, committed 28336K, reserved 1075200K
  class space    used 3319K, capacity 3466K, committed 3584K, reserved 1048576K
}
Event: 7.581 GC heap after
{Heap after GC invocations=10 (full 0):
 garbage-first heap   total 55296K, used 18808K [0x0000000720c00000, 0x0000000800000000)
  region size 2048K, 2 young (4096K), 2 survivors (4096K)
 Metaspace       used 27677K, capacity 27998K, committed 28336K, reserved 1075200K
  class space    used 3319K, capacity 3466K, committed 3584K, reserved 1048576K
}
Event: 7.665 GC heap before
{Heap before GC invocations=10 (full 0):
 garbage-first heap   total 55296K, used 41336K [0x0000000720c00000, 0x0000000800000000)
  region size 2048K, 13 young (26624K), 2 survivors (4096K)
 Metaspace       used 27677K, capacity 27998K, committed 28336K, reserved 1075200K
  class space    used 3319K, capacity 3466K, committed 3584K, reserved 1048576K
}
Event: 7.680 GC heap after
{Heap after GC invocations=11 (full 0):
 garbage-first heap   total 55296K, used 21295K [0x0000000720c00000, 0x0000000800000000)
  region size 2048K, 2 young (4096K), 2 survivors (4096K)
 Metaspace       used 27677K, capacity 27998K, committed 28336K, reserved 1075200K
  class space    used 3319K, capacity 3466K, committed 3584K, reserved 1048576K
}
Event: 7.731 GC heap before
{Heap before GC invocations=11 (full 0):
 garbage-first heap   total 55296K, used 39727K [0x0000000720c00000, 0x0000000800000000)
  region size 2048K, 11 young (22528K), 2 survivors (4096K)
 Metaspace       used 27677K, capacity 27998K, committed 28336K, reserved 1075200K
  class space    used 3319K, capacity 3466K, committed 3584K, reserved 1048576K
}
Event: 7.739 GC heap after
{Heap after GC invocations=12 (full 0):
 garbage-first heap   total 55296K, used 23355K [0x0000000720c00000, 0x0000000800000000)
  region size 2048K, 1 young (2048K), 1 survivors (2048K)
 Metaspace       used 27677K, capacity 27998K, committed 28336K, reserved 1075200K
  class space    used 3319K, capacity 3466K, committed 3584K, reserved 1048576K
}
Event: 7.779 GC heap before
{Heap before GC invocations=12 (full 0):
 garbage-first heap   total 55296K, used 41787K [0x0000000720c00000, 0x0000000800000000)
  region size 2048K, 10 young (20480K), 1 survivors (2048K)
 Metaspace       used 27677K, capacity 27998K, committed 28336K, reserved 1075200K
  class space    used 3319K, capacity 3466K, committed 3584K, reserved 1048576K
}
Event: 7.791 GC heap after
{Heap after GC invocations=13 (full 0):
 garbage-first heap   total 143360K, used 25183K [0x0000000720c00000, 0x0000000800000000)
  region size 2048K, 2 young (4096K), 2 survivors (4096K)
 Metaspace       used 27677K, capacity 27998K, committed 28336K, reserved 1075200K
  class space    used 3319K, capacity 3466K, committed 3584K, reserved 1048576K
}
Event: 8.111 GC heap before
{Heap before GC invocations=13 (full 0):
 garbage-first heap   total 143360K, used 107103K [0x0000000720c00000, 0x0000000800000000)
  region size 2048K, 42 young (86016K), 2 survivors (4096K)
 Metaspace       used 27685K, capacity 27998K, committed 28336K, reserved 1075200K
  class space    used 3319K, capacity 3466K, committed 3584K, reserved 1048576K
}
Event: 8.132 GC heap after
{Heap after GC invocations=14 (full 0):
 garbage-first heap   total 143360K, used 32848K [0x0000000720c00000, 0x0000000800000000)
  region size 2048K, 6 young (12288K), 6 survivors (12288K)
 Metaspace       used 27685K, capacity 27998K, committed 28336K, reserved 1075200K
  class space    used 3319K, capacity 3466K, committed 3584K, reserved 1048576K
}
Event: 8.944 GC heap before
{Heap before GC invocations=14 (full 0):
 garbage-first heap   total 143360K, used 104528K [0x0000000720c00000, 0x0000000800000000)
  region size 2048K, 41 young (83968K), 6 survivors (12288K)
 Metaspace       used 28474K, capacity 28862K, committed 29104K, reserved 1075200K
  class space    used 3376K, capacity 3498K, committed 3584K, reserved 1048576K
}
Event: 8.960 GC heap after
{Heap after GC invocations=15 (full 0):
 garbage-first heap   total 143360K, used 36798K [0x0000000720c00000, 0x0000000800000000)
  region size 2048K, 3 young (6144K), 3 survivors (6144K)
 Metaspace       used 28474K, capacity 28862K, committed 29104K, reserved 1075200K
  class space    used 3376K, capacity 3498K, committed 3584K, reserved 1048576K
}
Event: 9.551 GC heap before
{Heap before GC invocations=15 (full 0):
 garbage-first heap   total 143360K, used 106430K [0x0000000720c00000, 0x0000000800000000)
  region size 2048K, 37 young (75776K), 3 survivors (6144K)
 Metaspace       used 28593K, capacity 28990K, committed 29104K, reserved 1075200K
  class space    used 3387K, capacity 3498K, committed 3584K, reserved 1048576K
}
Event: 9.557 GC heap after
{Heap after GC invocations=16 (full 0):
 garbage-first heap   total 143360K, used 36316K [0x0000000720c00000, 0x0000000800000000)
  region size 2048K, 2 young (4096K), 2 survivors (4096K)
 Metaspace       used 28593K, capacity 28990K, committed 29104K, reserved 1075200K
  class space    used 3387K, capacity 3498K, committed 3584K, reserved 1048576K
}
Event: 10.292 GC heap before
{Heap before GC invocations=16 (full 0):
 garbage-first heap   total 143360K, used 112092K [0x0000000720c00000, 0x0000000800000000)
  region size 2048K, 39 young (79872K), 2 survivors (4096K)
 Metaspace       used 28636K, capacity 29022K, committed 29104K, reserved 1075200K
  class space    used 3398K, capacity 3530K, committed 3584K, reserved 1048576K
}
Event: 10.299 GC heap after
{Heap after GC invocations=17 (full 0):
 garbage-first heap   total 184320K, used 37055K [0x0000000720c00000, 0x0000000800000000)
  region size 2048K, 3 young (6144K), 3 survivors (6144K)
 Metaspace       used 28636K, capacity 29022K, committed 29104K, reserved 1075200K
  class space    used 3398K, capacity 3530K, committed 3584K, reserved 1048576K
}
Event: 12.303 GC heap before
{Heap before GC invocations=17 (full 0):
 garbage-first heap   total 184320K, used 141503K [0x0000000720c00000, 0x0000000800000000)
  region size 2048K, 54 young (110592K), 3 survivors (6144K)
 Metaspace       used 30795K, capacity 31156K, committed 31408K, reserved 1077248K
  class space    used 3704K, capacity 3832K, committed 3840K, reserved 1048576K
}
Event: 12.310 GC heap after
{Heap after GC invocations=18 (full 0):
 garbage-first heap   total 184320K, used 37558K [0x0000000720c00000, 0x0000000800000000)
  region size 2048K, 3 young (6144K), 3 survivors (6144K)
 Metaspace       used 30795K, capacity 31156K, committed 31408K, reserved 1077248K
  class space    used 3704K, capacity 3832K, committed 3840K, reserved 1048576K
}
Event: 13.494 GC heap before
{Heap before GC invocations=18 (full 0):
 garbage-first heap   total 184320K, used 70326K [0x0000000720c00000, 0x0000000800000000)
  region size 2048K, 20 young (40960K), 3 survivors (6144K)
 Metaspace       used 35397K, capacity 35771K, committed 35920K, reserved 1081344K
  class space    used 4367K, capacity 4514K, committed 4608K, reserved 1048576K
}
Event: 13.503 GC heap after
{Heap after GC invocations=19 (full 0):
 garbage-first heap   total 184320K, used 38465K [0x0000000720c00000, 0x0000000800000000)
  region size 2048K, 3 young (6144K), 3 survivors (6144K)
 Metaspace       used 35397K, capacity 35771K, committed 35920K, reserved 1081344K
  class space    used 4367K, capacity 4514K, committed 4608K, reserved 1048576K
}

